[2024-10-11 15:42:23] [Tests/test_search.py::TestSearchFunctionalityChrome::test_search] Инициализация WebDriver для Google Chrome
[2024-10-11 15:42:26] [Tests/test_search.py::TestSearchFunctionalityChrome::test_search] Открытие веб-сайта: https://www.python.org/
[2024-10-11 15:42:28] [Tests/test_search.py::TestSearchFunctionalityChrome::test_search] Ввод ключевого слова: Selenium
[2024-10-11 15:42:29] [Tests/test_search.py::TestSearchFunctionalityChrome::test_search] Найдено результатов: 1
[2024-10-11 15:42:29] [Tests/test_search.py::TestSearchFunctionalityChrome::test_search] Проверка результата: event – revisión automática de despliegues web usando selenium
24 march from 1pm utc to 8pm utc, 2018
location: pereira, colombia
python pereira and python colombia
[2024-10-11 15:42:29] [Tests/test_search.py::TestSearchFunctionalityChrome::test_search] Ключевое слово 'Selenium' найдено в результате: 'event – revisión automática de despliegues web usando selenium
24 march from 1pm utc to 8pm utc, 2018
location: pereira, colombia
python pereira and python colombia'
[2024-10-11 15:42:29] [Tests/test_search.py::TestSearchFunctionalityChrome::test_search] Тест пройден: Ключевое слово найдено хотя бы в одном результате.
[2024-10-11 15:42:29] [Tests/test_search.py::TestSearchFunctionalityChrome::test_search] Закрытие WebDriver
[2024-10-11 15:42:35] [Tests/test_search_edge.py::TestSearchFunctionalityEdge::test_search] Инициализация WebDriver для Microsoft Edge
[2024-10-11 15:42:39] [Tests/test_search_edge.py::TestSearchFunctionalityEdge::test_search] Открытие веб-сайта: https://www.python.org/
[2024-10-11 15:42:40] [Tests/test_search_edge.py::TestSearchFunctionalityEdge::test_search] Ввод ключевого слова: Selenium
[2024-10-11 15:42:41] [Tests/test_search_edge.py::TestSearchFunctionalityEdge::test_search] Найдено результатов: 1
[2024-10-11 15:42:41] [Tests/test_search_edge.py::TestSearchFunctionalityEdge::test_search] Проверка результата: event – revisión automática de despliegues web usando selenium
24 march from 1pm utc to 8pm utc, 2018
location: pereira, colombia
python pereira and python colombia
[2024-10-11 15:42:41] [Tests/test_search_edge.py::TestSearchFunctionalityEdge::test_search] Ключевое слово 'Selenium' найдено в результате: 'event – revisión automática de despliegues web usando selenium
24 march from 1pm utc to 8pm utc, 2018
location: pereira, colombia
python pereira and python colombia'
[2024-10-11 15:42:41] [Tests/test_search_edge.py::TestSearchFunctionalityEdge::test_search] Тест пройден: Ключевое слово найдено хотя бы в одном результате.
[2024-10-11 15:42:41] [Tests/test_search_edge.py::TestSearchFunctionalityEdge::test_search] Закрытие WebDriver
