[2024-10-11 11:26:15] [Tests/test_search.py::TestSearchFunctionalityChrome::test_search] Инициализация WebDriver для Google Chrome
[2024-10-11 11:26:18] [Tests/test_search.py::TestSearchFunctionalityChrome::test_search] Открытие веб-сайта: https://www.python.org/
[2024-10-11 11:26:20] [Tests/test_search.py::TestSearchFunctionalityChrome::test_search] Ввод ключевого слова: Selenium
[2024-10-11 11:26:21] [Tests/test_search.py::TestSearchFunctionalityChrome::test_search] Найдено результатов: 1
[2024-10-11 11:26:21] [Tests/test_search.py::TestSearchFunctionalityChrome::test_search] Проверка результата: event – revisión automática de despliegues web usando selenium
24 march from 1pm utc to 8pm utc, 2018
location: pereira, colombia
python pereira and python colombia
[2024-10-11 11:26:21] [Tests/test_search.py::TestSearchFunctionalityChrome::test_search] Тест пройден: Все результаты содержат ключевое слово.
[2024-10-11 11:26:21] [Tests/test_search.py::TestSearchFunctionalityChrome::test_search] Закрытие WebDriver
[2024-10-11 11:26:27] [Tests/test_search_edge.py::TestSearchFunctionalityEdge::test_search] Инициализация WebDriver для Microsoft Edge
[2024-10-11 11:26:30] [Tests/test_search_edge.py::TestSearchFunctionalityEdge::test_search] Открытие веб-сайта: https://www.python.org/
[2024-10-11 11:26:33] [Tests/test_search_edge.py::TestSearchFunctionalityEdge::test_search] Ввод ключевого слова: Selenium
[2024-10-11 11:26:33] [Tests/test_search_edge.py::TestSearchFunctionalityEdge::test_search] Найдено результатов: 1
[2024-10-11 11:26:33] [Tests/test_search_edge.py::TestSearchFunctionalityEdge::test_search] Проверка результата: event – revisión automática de despliegues web usando selenium
24 march from 1pm utc to 8pm utc, 2018
location: pereira, colombia
python pereira and python colombia
[2024-10-11 11:26:33] [Tests/test_search_edge.py::TestSearchFunctionalityEdge::test_search] Тест пройден: Все результаты содержат ключевое слово.
[2024-10-11 11:26:33] [Tests/test_search_edge.py::TestSearchFunctionalityEdge::test_search] Закрытие WebDriver
